1671890098972 / GET / /api/books
1671890099111 / GET / /favicon.ico
1671890184361 / POST / /api/books/create?title=New%20Imperor
1671890195382 / GET / /api/books
1671890211818 / GET / /api/books/332be1dc-501e-4dd0-beeb-f3c7622652c2
1671890211833 / GET / /api/books/public/images/question.jpg
1671890298962 / GET / /api/books/332be1dc-501e-4dd0-beeb-f3c7622652c2
1671890403712 / GET / /api/books/332be1dc-501e-4dd0-beeb-f3c7622652c2
1671890419125 / GET / /api/books/
1671890424056 / POST / /api/books/create?title=New%20Imperor
1671890441146 / GET / /api/books/
1671890457403 / GET / /api/books/5150a399-fdc1-44df-be2f-37feaa61acbd
1671890493922 / POST / /api/books/create
1671890510630 / GET / /api/books/
1671890517039 / GET / /api/books/e8ac7720-3dea-4e68-9e10-b8d0cd350e9c
1671890542067 / GET / /api/books/
1671890544003 / GET / /api/books/
1671890559947 / GET / /api/books/e8ac7720-3dea-4e68-9e10-b8d0cd350e9c
1671890606840 / GET / /update
1671890610265 / GET / /api/books/e8ac7720-3dea-4e68-9e10-b8d0cd350e9c
1671890670760 / GET / /api/books/e8ac7720-3dea-4e68-9e10-b8d0cd350e9c
1671890675712 / GET / /api/books
1671890687956 / POST / /api/books/create
1671890700048 / GET / /api/books
1671890712556 / GET / /api/books/c89e151e-b6ed-46a2-a912-fa532d24c93f
1671890730364 / GET / /api/books/c89e151e-b6ed-46a2-a912-fa532d24c93f
1671892614871 / GET / /api/books/c89e151e-b6ed-46a2-a912-fa532d24c93f
1671892628339 / GET / /api/books
1671892704063 / GET / /api/books
1671892709253 / POST / /api/books/create
1671892718759 / GET / /api/books
1671892723511 / GET / /api/books/d23564e1-5818-4980-a43d-99ae6268558c
1671892753384 / GET / /api/books/d23564e1-5818-4980-a43d-99ae6268558c
1671892807571 / GET / /api/books/d23564e1-5818-4980-a43d-99ae6268558c
1671892847710 / GET / /api/books/d23564e1-5818-4980-a43d-99ae6268558c
1671892854744 / GET / /api/books/d23564e1-5818-4980-a43d-99ae6268558c
1671893026643 / GET / /api/books/d23564e1-5818-4980-a43d-99ae6268558c
1671893026659 / GET / /api/books/public/images/question.jpeg
1671893036475 / GET / /api/books/d23564e1-5818-4980-a43d-99ae6268558c
1671893036492 / GET / /api/public/images/question.jpeg
1671893037847 / GET / /api/books/d23564e1-5818-4980-a43d-99ae6268558c
1671893037862 / GET / /api/public/images/question.jpeg
1671893051583 / GET / /api/books/d23564e1-5818-4980-a43d-99ae6268558c
1671893051596 / GET / /api/public/images/question.jpg
1671893057183 / GET / /api/books/d23564e1-5818-4980-a43d-99ae6268558c
1671893057195 / GET / /api/books/public/images/question.jpg
1671893057911 / GET / /api/books/d23564e1-5818-4980-a43d-99ae6268558c
1671893057924 / GET / /api/books/public/images/question.jpg
1671893058064 / GET / /api/books/d23564e1-5818-4980-a43d-99ae6268558c
1671893058077 / GET / /api/books/public/images/question.jpg
1671893058362 / GET / /api/books/d23564e1-5818-4980-a43d-99ae6268558c
1671893058372 / GET / /api/books/public/images/question.jpg
1671893058858 / GET / /api/books/d23564e1-5818-4980-a43d-99ae6268558c
1671893058873 / GET / /api/books/public/images/question.jpg
1671893074909 / GET / /api/books/d23564e1-5818-4980-a43d-99ae6268558c
1671893074927 / GET / /api/books/public/images/question.jpg
1671893079525 / GET / /api/books/
1671893081834 / GET / /api/books/
1671893144167 / GET / /api/books/
1671893155198 / GET / /api/books/d23564e1-5818-4980-a43d-99ae6268558c
1671893155212 / GET / /api/books/public/images/question.jpg
1671893174370 / GET / /api/books/d23564e1-5818-4980-a43d-99ae6268558c
1671893174383 / GET / /api/books/public/images/question.jpg
1671893210735 / GET / /api/books/d23564e1-5818-4980-a43d-99ae6268558c
1671893210765 / GET / /api/books/public/images/question.jpg
1671893219821 / GET / /api/books/d23564e1-5818-4980-a43d-99ae6268558c
1671893230760 / GET / /api/books/d23564e1-5818-4980-a43d-99ae6268558c
1671893230775 / GET / /api/books/public/images/question.jpg
1671893265382 / GET / /api/books/d23564e1-5818-4980-a43d-99ae6268558c
1671893265400 / GET / /api/public/images/question.jpg
1671893284241 / GET / /api/books/d23564e1-5818-4980-a43d-99ae6268558c
1671893284273 / GET / /api/public/images/question.jpg
1671893284903 / GET / /api/books/d23564e1-5818-4980-a43d-99ae6268558c
1671893284925 / GET / /api/public/images/question.jpg
1671893285055 / GET / /api/books/d23564e1-5818-4980-a43d-99ae6268558c
1671893285071 / GET / /api/public/images/question.jpg
1671893285223 / GET / /api/books/d23564e1-5818-4980-a43d-99ae6268558c
1671893285238 / GET / /api/public/images/question.jpg
1671893285425 / GET / /api/books/d23564e1-5818-4980-a43d-99ae6268558c
1671893285440 / GET / /api/public/images/question.jpg
1671893285650 / GET / /api/books/d23564e1-5818-4980-a43d-99ae6268558c
1671893285668 / GET / /api/public/images/question.jpg
1671893291526 / GET / /api/books/d23564e1-5818-4980-a43d-99ae6268558c
1671893291537 / GET / /api/books/public/images/question.jpg
1671893297241 / GET / /api/books/d23564e1-5818-4980-a43d-99ae6268558c
1671893380994 / GET / /api/books/d23564e1-5818-4980-a43d-99ae6268558c
1671893386526 / GET / /api/books/
1671900679750 / POST / /api/books/create
1671900685329 / GET / /api/books/
1671900767490 / GET / /api/books/7928f510-4af0-4a38-aabe-8a4afa350118
1671900791168 / GET / /update
1671900834982 / GET / /api/books/7928f510-4af0-4a38-aabe-8a4afa350118
1672081005727 / POST / /api/books/create
1672081082165 / GET / /api/books
1672081085670 / GET / /favicon.ico
1672082073957 / POST / /api/books/create
1672082077483 / GET / /api/books
1672082132033 / GET / /api/books
1672242666861 / POST / /api/books/create
1672242671059 / POST / /api/books/create
1672242743280 / GET / /api/books/
1672242756964 / GET / /api/books/
1672242769449 / POST / /api/books/create
1672242792818 / GET / /api/books/c66c0a19-929e-4650-95c3-6988f2eec48d/download
1672245198700 / GET / /api/books
1672245200183 / GET / /favicon.ico
1672245209841 / GET / /api/books/create
1672245234304 / GET / /api/books/
1672245374100 / GET / /api/books/
1672245375375 / GET / /api/books/
1672245375994 / GET / /api/books/
1672245376165 / GET / /api/books/
1672245376390 / GET / /api/books/
1672245380490 / GET / /api/books/create
1672245389528 / GET / /api/books/create
1672245615797 / GET / /api/books/create
1672245686879 / GET / /api/books/create
1672245745122 / GET / /api/books/create
1672246886028 / GET / /api/books
1672246899133 / GET / /api/books/create
1672248907384 / GET / /api/books/create
1672248912660 / GET / /api/books/create
1672248938454 / GET / /api/books/create
1672248999010 / GET / /api/books/create
1672249003018 / GET / /api/books/create
1672249041336 / GET / /api/books/create
1672249054910 / GET / /api/books/123/download
1672250118571 / GET / /api/books/create
1672289776711 / GET / /api/books
1672289776881 / GET / /favicon.ico
1672289786107 / GET / /api/books/make
1672289803531 / GET / /api/books/make
1672289818027 / GET / /api/books/make
1672289879442 / GET / /api/books/make
1672289889242 / GET / /api/books
1672289896081 / GET / /api/books/make
1672289938807 / GET / /api/books/make
1672289979361 / GET / /api/books/create
1672290137023 / GET / /api/books/create
1672290151928 / GET / /api/books/create
1672290265607 / GET / /api/books
1672290271495 / GET / /api/books/create
1672290320243 / POST / /api/books/create
1672290327967 / GET / /api/books/create
1672290362816 / GET / /api/books/create
1672290365938 / POST / /api/books/create
1672290388772 / GET / /api/books/create
1672290391097 / GET / /api/books/create
1672290393185 / POST / /api/books/create
1672290398329 / GET / /api/books/create
1672290408959 / POST / /api/books/create
1672290761171 / POST / /api/books/create
1672290803329 / GET / /api/books/create
1672290852670 / GET / /api/books/create
1672290854156 / POST / /api/books/create
1672290959997 / POST / /api/books/create
1672291910311 / GET / /api/books/create
1672291912784 / GET / /api/books/create
1672291914899 / POST / /api/books/create
1672291980256 / GET / /api/books/create
1672291982219 / GET / /api/books/create
1672291987935 / POST / /api/books/create
1672292085187 / POST / /api/books/create
1672292112911 / POST / /api/books/create
1672292116326 / GET / /api/books/create
1672292118657 / POST / /api/books/create
1672292130873 / POST / /api/books/create
1672309608810 / GET / /api/books
1672309609036 / GET / /favicon.ico
1672309614516 / GET / /api/books/create
1672309797228 / POST / /api/books/create
1672309963325 / POST / /api/books/create
1672309987728 / POST / /api/books/create
1672310061164 / POST / /api/books/create
1672310517737 / GET / /api/books/create
1672310519016 / GET / /api/books/create
1672310552033 / POST / /api/books/create
1672310569491 / GET / /api/books/88298958-3ffd-4a50-98c4-582f0a36ef30
1672310569511 / GET / /api/public/css/style.css
1672311219269 / GET / /api/books/88298958-3ffd-4a50-98c4-582f0a36ef30
1672311219292 / GET / /api/public/css/style.css
1672311403643 / GET / /api/books/88298958-3ffd-4a50-98c4-582f0a36ef30
1672311403661 / GET / /api/public/css/style.css
1672410641975 / GET / /api/books
1672410642093 / GET / /favicon.ico
1672410647660 / GET / /api/books/create
1672410662371 / POST / /api/books/create
1672410667711 / GET / /api/books/create
1672410687760 / POST / /api/books/create
1672410706795 / GET / /api/books/0894db75-72f9-4873-a4b7-80ae57e23dc6
1672410706836 / GET / /api/public/css/style.css
1672410781719 / GET / /api/books/0894db75-72f9-4873-a4b7-80ae57e23dc6
1672410781804 / GET / /css/style.css
1672410782698 / GET / /api/books/0894db75-72f9-4873-a4b7-80ae57e23dc6
1672410782726 / GET / /css/style.css
1672410782900 / GET / /api/books/0894db75-72f9-4873-a4b7-80ae57e23dc6
1672410782921 / GET / /css/style.css
1672410783090 / GET / /api/books/0894db75-72f9-4873-a4b7-80ae57e23dc6
1672410783111 / GET / /css/style.css
1672410783268 / GET / /api/books/0894db75-72f9-4873-a4b7-80ae57e23dc6
1672410783287 / GET / /css/style.css
1672410799377 / GET / /api/books/0894db75-72f9-4873-a4b7-80ae57e23dc6
1672410804274 / GET / /api/books/create
1672410806172 / POST / /api/books/create
1672410816786 / GET / /api/books/6fc54b44-6552-4f01-86b7-fbc444bf0dc4
1672410816819 / GET / /css/style.css
1672410821505 / GET / /api/books/create
1672410825337 / GET / /api/books
1672410825371 / GET / /css/style.css
1672410904914 / GET / /api/books
1672410904959 / GET / /css/style.css
1672410911697 / GET / /api/books/create
1672410920340 / GET / /api/books/create
1672410984984 / GET / /api/books/create
1672410988751 / GET / /api/books/create
1672410988970 / GET / /api/books/create
1672410989188 / GET / /api/books/create
1672410989323 / GET / /api/books/create
1672410989474 / GET / /api/books/create
1672410989688 / GET / /api/books/create
1672410989825 / GET / /api/books/create
1672410990042 / GET / /api/books/create
1672410990255 / GET / /api/books/create
1672411003445 / GET / /api/books/
1672411003503 / GET / /css/style.css
1672411012542 / GET / /api/books/create
1672411077009 / GET / /api/books/create
1672411235210 / GET / /api/books/create
1672411235272 / GET / /api/books/public/css/style.css
1672411311788 / GET / /api/books/create
1672411311815 / GET / /api/books/public/css/style.css
1672411312326 / GET / /api/books/create
1672411312345 / GET / /api/books/public/css/style.css
1672411312491 / GET / /api/books/create
1672411312510 / GET / /api/books/public/css/style.css
1672411312667 / GET / /api/books/create
1672411312685 / GET / /api/books/public/css/style.css
1672411312852 / GET / /api/books/create
1672411312875 / GET / /api/books/public/css/style.css
1672411313026 / GET / /api/books/create
1672411313046 / GET / /api/books/public/css/style.css
1672411313203 / GET / /api/books/create
1672411313223 / GET / /api/books/public/css/style.css
1672411313403 / GET / /api/books/create
1672411313422 / GET / /api/books/public/css/style.css
1672411313699 / GET / /api/books/create
1672411313720 / GET / /api/books/public/css/style.css
1672411313978 / GET / /api/books/create
1672411313996 / GET / /api/books/public/css/style.css
1672411365804 / GET / /api/books/create
1672411365826 / GET / /api/books/public/css/style.css
1672411366677 / GET / /api/books/create
1672411366696 / GET / /api/books/public/css/style.css
1672411366886 / GET / /api/books/create
1672411366912 / GET / /api/books/public/css/style.css
1672411367068 / GET / /api/books/create
1672411367087 / GET / /api/books/public/css/style.css
1672411367259 / GET / /api/books/create
1672411367281 / GET / /api/books/public/css/style.css
1672411367438 / GET / /api/books/create
1672411367457 / GET / /api/books/public/css/style.css
1672411367620 / GET / /api/books/create
1672411367639 / GET / /api/books/public/css/style.css
1672411367804 / GET / /api/books/create
1672411367822 / GET / /api/books/public/css/style.css
1672411368003 / GET / /api/books/create
1672411368022 / GET / /api/books/public/css/style.css
1672411370624 / GET / /api/books/public/css/style.css
1672411457979 / GET / /api/books/create
1672411458000 / GET / /api/books/public/css/style.css
1672411458883 / GET / /api/books/create
1672411458901 / GET / /api/books/public/css/style.css
1672411459131 / GET / /api/books/create
1672411459149 / GET / /api/books/public/css/style.css
1672411459355 / GET / /api/books/create
1672411459369 / GET / /api/books/public/css/style.css
1672411459574 / GET / /api/books/create
1672411459590 / GET / /api/books/public/css/style.css
1672411459795 / GET / /api/books/create
1672411459812 / GET / /api/books/public/css/style.css
1672411460017 / GET / /api/books/create
1672411460033 / GET / /api/books/public/css/style.css
1672411460250 / GET / /api/books/create
1672411460288 / GET / /api/books/public/css/style.css
1672411460481 / GET / /api/books/create
1672411460497 / GET / /api/books/public/css/style.css
1672411547525 / GET / /api/books/create
1672411547558 / GET / /api/books/public/css/style.css
1672411568349 / GET / /api/books/create
1672411568390 / GET / /api/books/public/css/style.css
1672411571619 / GET / /api/books/create
1672411571647 / GET / /api/books/public/css/style.css
1672411571798 / GET / /api/books/create
1672411571822 / GET / /api/books/public/css/style.css
1672411571964 / GET / /api/books/create
1672411571985 / GET / /api/books/public/css/style.css
1672411572133 / GET / /api/books/create
1672411572190 / GET / /api/books/public/css/style.css
1672411572299 / GET / /api/books/create
1672411572317 / GET / /api/books/public/css/style.css
1672411572459 / GET / /api/books/create
1672411572475 / GET / /api/books/public/css/style.css
1672411589364 / GET / /api/books/create
1672411589397 / GET / /api/books/public/css/style.css
1672411589916 / GET / /api/books/create
1672411589935 / GET / /api/books/public/css/style.css
1672411590085 / GET / /api/books/create
1672411590106 / GET / /api/books/public/css/style.css
1672411590245 / GET / /api/books/create
1672411590263 / GET / /api/books/public/css/style.css
1672411590430 / GET / /api/books/create
1672411590448 / GET / /api/books/public/css/style.css
1672411590629 / GET / /api/books/create
1672411590651 / GET / /api/books/public/css/style.css
1672411590805 / GET / /api/books/create
1672411590827 / GET / /api/books/public/css/style.css
1672411590988 / GET / /api/books/create
1672411591009 / GET / /api/books/public/css/style.css
1672411591149 / GET / /api/books/create
1672411591166 / GET / /api/books/public/css/style.css
1672411591316 / GET / /api/books/create
1672411591336 / GET / /api/books/public/css/style.css
1672411591644 / GET / /api/books/create
1672411591664 / GET / /api/books/public/css/style.css
1672414302462 / GET / /api/books/create
1672414302485 / GET / /api/books/public/css/style.css
1672414584958 / GET / /api/books/create
1672414623159 / POST / /api/books/create
1672414677557 / GET / /api/books/create
1672415249466 / POST / /api/books/create
1672415335837 / GET / /api/books/create
1672415343452 / POST / /api/books/create
1672415584182 / GET / /api/books/create
1672415613442 / POST / /api/books/create
1672415656476 / GET / /api/books/create
1672415731372 / GET / /api/books/create
1672415857030 / POST / /api/books/create
1672416041670 / GET / /api/books/create
1672416834068 / POST / /api/books/create
1672416904944 / GET / /api/books/create
1672416913011 / POST / /api/books/create
1672416950146 / GET / /api/books/create
1672416951582 / GET / /api/books/create
1672416962032 / POST / /api/books/create
1672416981991 / GET / /api/books/create
1672416982899 / GET / /api/books/create
1672416992830 / POST / /api/books/create
1672417040370 / GET / /api/books/create
1672417042580 / GET / /api/books/create
1672417050743 / POST / /api/books/create
1672417166065 / GET / /api/books/
1672417169933 / GET / /api/books/create
1672417176491 / POST / /api/books/create
1672417323866 / POST / /api/books/create
1672417602966 / POST / /api/books/create
1672417607042 / GET / /api/books/create
1672417611860 / POST / /api/books/create
1672417687961 / POST / /api/books/create
1672417700949 / GET / /api/books/create
1672417705155 / POST / /api/books/create
1672417735050 / GET / /api/books/create
1672417739237 / POST / /api/books/create
1672418530023 / GET / /api/books/create
1672418534058 / POST / /api/books/create
1672426437969 / GET / /api/books/create
1672426445694 / POST / /api/books/create
1672427142180 / GET / /api/books/create
1672427151320 / POST / /api/books/create
1672427168848 / GET / /api/books/create
1672430056404 / GET / /api/books/create
1672430074946 / POST / /api/books/create
1672430091479 / GET / /api/books/67b33243-75a2-4dcd-bb62-2562c8990576
1672430148252 / GET / /api/books/67b33243-75a2-4dcd-bb62-2562c8990576
1672430158181 / GET / /update
1672430884882 / GET / /api/books/67b33243-75a2-4dcd-bb62-2562c8990576
1672430887426 / GET / /api/books/create
1672430889455 / GET / /api/books/create
1672430921542 / POST / /api/books/create
1672430940801 / GET / /api/books/aae868df-c94d-41a7-9ba5-869c5c86acf7/update
1672430983733 / POST / /api/books/create
1672430996242 / GET / /api/books/
1672431234674 / GET / /api/books/
1672431240610 / GET / /api/books/create
1672431266134 / POST / /api/books/create
1672431270197 / GET / /api/books/create
1672431273209 / GET / /api/books/
1672431275673 / GET / /api/books/c1a29e75-d83f-4a13-b53c-4fefb0357a0f
1672431332852 / GET / /api/books/
1672431347302 / GET / /api/books/
1672431372941 / GET / /api/books/
1672431393148 / GET / /api/books/
1672431403806 / GET / /api/books/
1672431414729 / GET / /api/books/
1672431458947 / GET / /api/books/
1672431498851 / GET / /api/books/
1672431522116 / GET / /api/books/
1672431534914 / GET / /api/books/
1672431536591 / GET / /api/books/c1a29e75-d83f-4a13-b53c-4fefb0357a0f
1672431538190 / GET / /api/books/update
1672431585579 / GET / /api/books/
1672431587006 / GET / /api/books/c1a29e75-d83f-4a13-b53c-4fefb0357a0f
1672431599267 / GET / /api/books/c1a29e75-d83f-4a13-b53c-4fefb0357a0f
1672431601003 / GET / /api/books/c1a29e75-d83f-4a13-b53c-4fefb0357a0f/update
